
*** Running vivado
    with args -log clk_wiz_0.vds -m64 -mode batch -messageDb vivado.pb -notrace -source clk_wiz_0.tcl

WARNING: Default location for XILINX_VIVADO_HLS not found: 

****** Vivado v2015.2.1 (64-bit)
  **** SW Build 1302555 on Wed Aug  5 13:06:02 MDT 2015
  **** IP Build 1291990 on Mon Jul 27 03:18:52 MDT 2015
    ** Copyright 1986-2015 Xilinx, Inc. All Rights Reserved.

source clk_wiz_0.tcl -notrace
INFO: [IP_Flow 19-234] Refreshing IP repositories
INFO: [IP_Flow 19-1704] No user IP repositories specified
INFO: [IP_Flow 19-2313] Loaded Vivado IP repository 'C:/Xilinx/Vivado/2015.2/data/ip'.
WARNING: [IP_Flow 19-3664] IP 'clk_wiz_0' generated file not found 'c:/Users/Anthony/Documents/ECE530/project_1/project_1.srcs/sources_1/ip/clk_wiz_0/clk_wiz_0.dcp'. Please regenerate to continue.
WARNING: [IP_Flow 19-3664] IP 'clk_wiz_0' generated file not found 'c:/Users/Anthony/Documents/ECE530/project_1/project_1.srcs/sources_1/ip/clk_wiz_0/clk_wiz_0_stub.v'. Please regenerate to continue.
WARNING: [IP_Flow 19-3664] IP 'clk_wiz_0' generated file not found 'c:/Users/Anthony/Documents/ECE530/project_1/project_1.srcs/sources_1/ip/clk_wiz_0/clk_wiz_0_stub.vhdl'. Please regenerate to continue.
WARNING: [IP_Flow 19-3664] IP 'clk_wiz_0' generated file not found 'c:/Users/Anthony/Documents/ECE530/project_1/project_1.srcs/sources_1/ip/clk_wiz_0/clk_wiz_0_funcsim.v'. Please regenerate to continue.
WARNING: [IP_Flow 19-3664] IP 'clk_wiz_0' generated file not found 'c:/Users/Anthony/Documents/ECE530/project_1/project_1.srcs/sources_1/ip/clk_wiz_0/clk_wiz_0_funcsim.vhdl'. Please regenerate to continue.
Command: synth_design -top clk_wiz_0 -part xc7a100tcsg324-1 -mode out_of_context
Starting synth_design
Attempting to get a license for feature 'Synthesis' and/or device 'xc7a100t'
WARNING: [Common 17-348] Failed to get the license for feature 'Synthesis' and/or device 'xc7a100t'
3 Infos, 6 Warnings, 0 Critical Warnings and 1 Errors encountered.
synth_design failed
ERROR: [Common 17-345] A valid license was not found for feature 'Synthesis' and/or device 'xc7a100t'. Please run the Vivado License Manager for assistance in determining
which features and devices are licensed for your system.
Resolution: Check the status of your licenses in the Vivado License Manager. For debug help search Xilinx Support for "Licensing FAQ". 
INFO: [Common 17-206] Exiting Vivado at Thu Sep 24 14:27:50 2015...
